

Started GET "/" for 127.0.0.1 at 2014-12-14 04:55:04 -0500
Processing by Rails::WelcomeController#index as HTML
  Rendered /Users/Jarett/.rvm/gems/ruby-2.1.5@learn-rails/gems/railties-4.1.8/lib/rails/templates/rails/welcome/index.html.erb (2.8ms)
Completed 200 OK in 32ms (Views: 13.3ms | ActiveRecord: 0.0ms)


Started GET "/" for 127.0.0.1 at 2014-12-14 04:55:05 -0500
Processing by Rails::WelcomeController#index as HTML
  Rendered /Users/Jarett/.rvm/gems/ruby-2.1.5@learn-rails/gems/railties-4.1.8/lib/rails/templates/rails/welcome/index.html.erb (0.1ms)
Completed 200 OK in 3ms (Views: 2.2ms | ActiveRecord: 0.0ms)


Started GET "/rails/info/properties" for 127.0.0.1 at 2014-12-14 04:55:07 -0500
Processing by Rails::InfoController#properties as */*
  Rendered /Users/Jarett/.rvm/gems/ruby-2.1.5@learn-rails/gems/railties-4.1.8/lib/rails/templates/rails/info/properties.html.erb (0.6ms)
Completed 200 OK in 56ms (Views: 10.6ms | ActiveRecord: 16.4ms)


Started GET "/" for 127.0.0.1 at 2014-12-15 03:03:03 -0500
Processing by Rails::WelcomeController#index as HTML
  Rendered /Users/Jarett/.rvm/gems/ruby-2.1.5@learn-rails/gems/railties-4.1.8/lib/rails/templates/rails/welcome/index.html.erb (3.5ms)
Completed 200 OK in 79ms (Views: 51.7ms | ActiveRecord: 0.0ms)


Started GET "/rails/info/properties" for 127.0.0.1 at 2014-12-15 03:03:13 -0500
Processing by Rails::InfoController#properties as */*
  Rendered /Users/Jarett/.rvm/gems/ruby-2.1.5@learn-rails/gems/railties-4.1.8/lib/rails/templates/rails/info/properties.html.erb (0.5ms)
Completed 200 OK in 77ms (Views: 11.1ms | ActiveRecord: 2.5ms)


Started GET "/" for 127.0.0.1 at 2014-12-15 03:09:09 -0500
Processing by Rails::WelcomeController#index as HTML
  Rendered /Users/Jarett/.rvm/gems/ruby-2.1.5@learn-rails/gems/railties-4.1.8/lib/rails/templates/rails/welcome/index.html.erb (2.0ms)
Completed 200 OK in 19ms (Views: 8.3ms | ActiveRecord: 0.0ms)


Started GET "/" for 127.0.0.1 at 2014-12-15 03:09:14 -0500
Processing by Rails::WelcomeController#index as HTML
  Rendered /Users/Jarett/.rvm/gems/ruby-2.1.5@learn-rails/gems/railties-4.1.8/lib/rails/templates/rails/welcome/index.html.erb (0.1ms)
Completed 200 OK in 2ms (Views: 1.2ms | ActiveRecord: 0.0ms)


Started GET "/" for 127.0.0.1 at 2014-12-15 03:21:31 -0500
Processing by Rails::WelcomeController#index as HTML
  Rendered /Users/Jarett/.rvm/gems/ruby-2.1.5@learn-rails/gems/railties-4.1.8/lib/rails/templates/rails/welcome/index.html.erb (2.0ms)
Completed 200 OK in 19ms (Views: 8.2ms | ActiveRecord: 0.0ms)


Started GET "/" for 127.0.0.1 at 2014-12-15 03:21:34 -0500
Processing by Rails::WelcomeController#index as HTML
  Rendered /Users/Jarett/.rvm/gems/ruby-2.1.5@learn-rails/gems/railties-4.1.8/lib/rails/templates/rails/welcome/index.html.erb (0.1ms)
Completed 200 OK in 2ms (Views: 1.7ms | ActiveRecord: 0.0ms)
